Line 16: Class MSFlexGridLib.MSFlexGrid of control flex2 was not a loaded control class.
Line 26: Class MSACAL.Calendar of control Calendar2 was not a loaded control class.
Line 82: Class MSACAL.Calendar of control Calendar1 was not a loaded control class.
Line 22: The property name _ExtentX in flex2 is invalid.
Line 23: The property name _ExtentY in flex2 is invalid.
Line 24: The property name _Version in flex2 is invalid.
Line 32: The property name _Version in Calendar2 is invalid.
Line 33: The property name _ExtentX in Calendar2 is invalid.
Line 34: The property name _ExtentY in Calendar2 is invalid.
Line 35: The property name _StockProps in Calendar2 is invalid.
Line 37: The property name Year in Calendar2 is invalid.
Line 38: The property name Month in Calendar2 is invalid.
Line 39: The property name Day in Calendar2 is invalid.
Line 40: The property name DayLength in Calendar2 is invalid.
Line 41: The property name MonthLength in Calendar2 is invalid.
Line 42: The property name DayFontColor in Calendar2 is invalid.
Line 43: The property name FirstDay in Calendar2 is invalid.
Line 44: The property name GridCellEffect in Calendar2 is invalid.
Line 45: The property name GridFontColor in Calendar2 is invalid.
Line 46: The property name GridLinesColor in Calendar2 is invalid.
Line 47: The property name ShowDateSelectors in Calendar2 is invalid.
Line 48: The property name ShowDays in Calendar2 is invalid.
Line 49: The property name ShowHorizontalGrid in Calendar2 is invalid.
Line 50: The property name ShowTitle in Calendar2 is invalid.
Line 51: The property name ShowVerticalGrid in Calendar2 is invalid.
Line 52: The property name TitleFontColor in Calendar2 is invalid.
Line 53: The property name ValueIsNull in Calendar2 is invalid.
Line 62: The property name DayFont in Calendar2 is invalid.
Line 71: The property name GridFont in Calendar2 is invalid.
Line 80: The property name TitleFont in Calendar2 is invalid.
Line 88: The property name _Version in Calendar1 is invalid.
Line 89: The property name _ExtentX in Calendar1 is invalid.
Line 90: The property name _ExtentY in Calendar1 is invalid.
Line 91: The property name _StockProps in Calendar1 is invalid.
Line 93: The property name Year in Calendar1 is invalid.
Line 94: The property name Month in Calendar1 is invalid.
Line 95: The property name Day in Calendar1 is invalid.
Line 96: The property name DayLength in Calendar1 is invalid.
Line 97: The property name MonthLength in Calendar1 is invalid.
Line 98: The property name DayFontColor in Calendar1 is invalid.
Line 99: The property name FirstDay in Calendar1 is invalid.
Line 100: The property name GridCellEffect in Calendar1 is invalid.
Line 101: The property name GridFontColor in Calendar1 is invalid.
Line 102: The property name GridLinesColor in Calendar1 is invalid.
Line 103: The property name ShowDateSelectors in Calendar1 is invalid.
Line 104: The property name ShowDays in Calendar1 is invalid.
Line 105: The property name ShowHorizontalGrid in Calendar1 is invalid.
Line 106: The property name ShowTitle in Calendar1 is invalid.
Line 107: The property name ShowVerticalGrid in Calendar1 is invalid.
Line 108: The property name TitleFontColor in Calendar1 is invalid.
Line 109: The property name ValueIsNull in Calendar1 is invalid.
Line 118: The property name DayFont in Calendar1 is invalid.
Line 127: The property name GridFont in Calendar1 is invalid.
Line 136: The property name TitleFont in Calendar1 is invalid.
