Line 124: Class MSACAL.Calendar of control Calendar3 was not a loaded control class.
Line 180: Class MSFlexGridLib.MSFlexGrid of control flex2 was not a loaded control class.
Line 193: Class MSACAL.Calendar of control Calendar1 was not a loaded control class.
Line 130: The property name _Version in Calendar3 is invalid.
Line 131: The property name _ExtentX in Calendar3 is invalid.
Line 132: The property name _ExtentY in Calendar3 is invalid.
Line 133: The property name _StockProps in Calendar3 is invalid.
Line 135: The property name Year in Calendar3 is invalid.
Line 136: The property name Month in Calendar3 is invalid.
Line 137: The property name Day in Calendar3 is invalid.
Line 138: The property name DayLength in Calendar3 is invalid.
Line 139: The property name MonthLength in Calendar3 is invalid.
Line 140: The property name DayFontColor in Calendar3 is invalid.
Line 141: The property name FirstDay in Calendar3 is invalid.
Line 142: The property name GridCellEffect in Calendar3 is invalid.
Line 143: The property name GridFontColor in Calendar3 is invalid.
Line 144: The property name GridLinesColor in Calendar3 is invalid.
Line 145: The property name ShowDateSelectors in Calendar3 is invalid.
Line 146: The property name ShowDays in Calendar3 is invalid.
Line 147: The property name ShowHorizontalGrid in Calendar3 is invalid.
Line 148: The property name ShowTitle in Calendar3 is invalid.
Line 149: The property name ShowVerticalGrid in Calendar3 is invalid.
Line 150: The property name TitleFontColor in Calendar3 is invalid.
Line 151: The property name ValueIsNull in Calendar3 is invalid.
Line 160: The property name DayFont in Calendar3 is invalid.
Line 169: The property name GridFont in Calendar3 is invalid.
Line 178: The property name TitleFont in Calendar3 is invalid.
Line 186: The property name _ExtentX in flex2 is invalid.
Line 187: The property name _ExtentY in flex2 is invalid.
Line 188: The property name _Version in flex2 is invalid.
Line 189: The property name Cols in flex2 is invalid.
Line 190: The property name FixedRows in flex2 is invalid.
Line 191: The property name FixedCols in flex2 is invalid.
Line 199: The property name _Version in Calendar1 is invalid.
Line 200: The property name _ExtentX in Calendar1 is invalid.
Line 201: The property name _ExtentY in Calendar1 is invalid.
Line 202: The property name _StockProps in Calendar1 is invalid.
Line 204: The property name Year in Calendar1 is invalid.
Line 205: The property name Month in Calendar1 is invalid.
Line 206: The property name Day in Calendar1 is invalid.
Line 207: The property name DayLength in Calendar1 is invalid.
Line 208: The property name MonthLength in Calendar1 is invalid.
Line 209: The property name DayFontColor in Calendar1 is invalid.
Line 210: The property name FirstDay in Calendar1 is invalid.
Line 211: The property name GridCellEffect in Calendar1 is invalid.
Line 212: The property name GridFontColor in Calendar1 is invalid.
Line 213: The property name GridLinesColor in Calendar1 is invalid.
Line 214: The property name ShowDateSelectors in Calendar1 is invalid.
Line 215: The property name ShowDays in Calendar1 is invalid.
Line 216: The property name ShowHorizontalGrid in Calendar1 is invalid.
Line 217: The property name ShowTitle in Calendar1 is invalid.
Line 218: The property name ShowVerticalGrid in Calendar1 is invalid.
Line 219: The property name TitleFontColor in Calendar1 is invalid.
Line 220: The property name ValueIsNull in Calendar1 is invalid.
Line 229: The property name DayFont in Calendar1 is invalid.
Line 238: The property name GridFont in Calendar1 is invalid.
Line 247: The property name TitleFont in Calendar1 is invalid.
